EARLIEST DEADLINE FIRST: START

Utilization:  0.3977272727272727
[8, 22]
LCM:  88
[[1, 1, 8, 8, 0], 8]
[[1, 1, 8, 8, 0], 16]
[[1, 1, 8, 8, 0], 24]
[[1, 1, 8, 8, 0], 32]
[[1, 1, 8, 8, 0], 40]
[[1, 1, 8, 8, 0], 48]
[[1, 1, 8, 8, 0], 56]
[[1, 1, 8, 8, 0], 64]
[[1, 1, 8, 8, 0], 72]
[[1, 1, 8, 8, 0], 80]
[[1, 1, 8, 8, 0], 88]
[[2, 6, 22, 22, 0], 22]
[[2, 6, 22, 22, 0], 44]
[[2, 6, 22, 22, 0], 66]
[[2, 6, 22, 22, 0], 88]


[[1, 1, 8, 8, 0], 8]
[[1, 1, 8, 8, 0], 16]
[[2, 6, 22, 22, 0], 22]
[[1, 1, 8, 8, 0], 24]
[[1, 1, 8, 8, 0], 32]
[[1, 1, 8, 8, 0], 40]
[[2, 6, 22, 22, 0], 44]
[[1, 1, 8, 8, 0], 48]
[[1, 1, 8, 8, 0], 56]
[[1, 1, 8, 8, 0], 64]
[[2, 6, 22, 22, 0], 66]
[[1, 1, 8, 8, 0], 72]
[[1, 1, 8, 8, 0], 80]
[[1, 1, 8, 8, 0], 88]
[[2, 6, 22, 22, 0], 88]


0  1  [1]
1  7  [2]
7  8  [0]
8  9  [1]
9  16  [0]
16  17  [1]
17  22  [0]
22  24  [2]
24  25  [1]
25  29  [2]
29  32  [0]
32  33  [1]
33  40  [0]
40  41  [1]
41  44  [0]
44  48  [2]
48  49  [1]
49  51  [2]
51  56  [0]
56  57  [1]
57  64  [0]
64  65  [1]
65  66  [0]
66  72  [2]
72  73  [1]
73  80  [0]
80  81  [1]
81  88  [0]
EARLIEST DEADLINE FIRST: END



